DEBUG main org.hibernate.boot.model.relational.Namespace - Created database namespace [logicalName=Name{catalog=null, schema=null}, physicalName=Name{catalog=null, schema=null}]
DEBUG main org.hibernate.cfg.AnnotationBinder - Binding entity from annotated class: br.com.springmvc.model.Departamento
DEBUG main org.hibernate.cfg.Ejb3Column - Binding column: Ejb3DiscriminatorColumn{logicalColumnName'DTYPE', discriminatorTypeName='string'}
DEBUG main org.hibernate.cfg.annotations.EntityBinder - Import with entity name Departamento
DEBUG main org.hibernate.cfg.annotations.EntityBinder - Bind entity br.com.springmvc.model.Departamento on table DEPARTAMENTO
DEBUG main org.hibernate.cfg.Ejb3Column - Binding column: Ejb3Column{table=org.hibernate.mapping.Table(DEPARTAMENTO), mappingColumn=COD_DEPARTAMENTO, insertable=true, updatable=true, unique=false}
DEBUG main org.hibernate.cfg.annotations.PropertyBinder - MetadataSourceProcessor property codDepartamento with lazy=false
DEBUG main org.hibernate.cfg.AbstractPropertyHolder - Attempting to locate auto-apply AttributeConverter for property [br.com.springmvc.model.Departamento:codDepartamento]
DEBUG main org.hibernate.cfg.annotations.SimpleValueBinder - building SimpleValue for codDepartamento
DEBUG main org.hibernate.cfg.annotations.PropertyBinder - Building property codDepartamento
DEBUG main org.hibernate.cfg.Ejb3Column - Binding column: Ejb3Column{table=org.hibernate.mapping.Table(DEPARTAMENTO), mappingColumn=LOCALIZACAO_DEPARTAMENTO, insertable=true, updatable=true, unique=false}
DEBUG main org.hibernate.cfg.annotations.PropertyBinder - MetadataSourceProcessor property localizacaoDepartamento with lazy=false
DEBUG main org.hibernate.cfg.AbstractPropertyHolder - Attempting to locate auto-apply AttributeConverter for property [br.com.springmvc.model.Departamento:localizacaoDepartamento]
DEBUG main org.hibernate.cfg.annotations.SimpleValueBinder - building SimpleValue for localizacaoDepartamento
DEBUG main org.hibernate.cfg.annotations.PropertyBinder - Building property localizacaoDepartamento
DEBUG main org.hibernate.cfg.Ejb3Column - Binding column: Ejb3Column{table=org.hibernate.mapping.Table(DEPARTAMENTO), mappingColumn=NOME_DEPARTAMENTO, insertable=true, updatable=true, unique=false}
DEBUG main org.hibernate.cfg.annotations.PropertyBinder - MetadataSourceProcessor property nomeDepartamento with lazy=false
DEBUG main org.hibernate.cfg.AbstractPropertyHolder - Attempting to locate auto-apply AttributeConverter for property [br.com.springmvc.model.Departamento:nomeDepartamento]
DEBUG main org.hibernate.cfg.annotations.SimpleValueBinder - building SimpleValue for nomeDepartamento
DEBUG main org.hibernate.cfg.annotations.PropertyBinder - Building property nomeDepartamento
DEBUG main org.hibernate.cfg.annotations.SimpleValueBinder - Starting fillSimpleValue for codDepartamento
DEBUG main org.hibernate.cfg.annotations.SimpleValueBinder - Starting fillSimpleValue for localizacaoDepartamento
DEBUG main org.hibernate.cfg.annotations.SimpleValueBinder - Starting fillSimpleValue for nomeDepartamento
DEBUG main org.hibernate.mapping.PrimaryKey - Forcing column [cod_departamento] to be non-null as it is part of the primary key for table [departamento]
DEBUG main org.hibernate.internal.SessionFactoryImpl - Building session factory
DEBUG main org.hibernate.cfg.Settings - SessionFactory name : null
DEBUG main org.hibernate.cfg.Settings - Automatic flush during beforeCompletion(): enabled
DEBUG main org.hibernate.cfg.Settings - Automatic session close at end of transaction: disabled
DEBUG main org.hibernate.cfg.Settings - Statistics: disabled
DEBUG main org.hibernate.cfg.Settings - Deleted entity synthetic identifier rollback: disabled
DEBUG main org.hibernate.cfg.Settings - Default entity-mode: pojo
DEBUG main org.hibernate.cfg.Settings - Check Nullability in Core (should be disabled when Bean Validation is on): enabled
DEBUG main org.hibernate.cfg.Settings - Allow initialization of lazy state outside session : disabled
DEBUG main org.hibernate.cfg.Settings - Using BatchFetchStyle : LEGACY
DEBUG main org.hibernate.cfg.Settings - Default batch fetch size: -1
DEBUG main org.hibernate.cfg.Settings - Maximum outer join fetch depth: null
DEBUG main org.hibernate.cfg.Settings - Default null ordering: NONE
DEBUG main org.hibernate.cfg.Settings - Order SQL updates by primary key: disabled
DEBUG main org.hibernate.cfg.Settings - Order SQL inserts for batching: disabled
DEBUG main org.hibernate.cfg.Settings - multi-tenancy strategy : NONE
DEBUG main org.hibernate.cfg.Settings - JTA Track by Thread: enabled
DEBUG main org.hibernate.cfg.Settings - Query language substitutions: {}
DEBUG main org.hibernate.cfg.Settings - JPA query language strict compliance: disabled
DEBUG main org.hibernate.cfg.Settings - Named query checking : enabled
DEBUG main org.hibernate.cfg.Settings - Second-level cache: enabled
DEBUG main org.hibernate.cfg.Settings - Second-level query cache: disabled
DEBUG main org.hibernate.cfg.Settings - Second-level query cache factory: org.hibernate.cache.internal.StandardQueryCacheFactory@4e904fd5
DEBUG main org.hibernate.cfg.Settings - Second-level cache region prefix: null
DEBUG main org.hibernate.cfg.Settings - Optimize second-level cache for minimal puts: disabled
DEBUG main org.hibernate.cfg.Settings - Structured second-level cache entries: disabled
DEBUG main org.hibernate.cfg.Settings - Second-level cache direct-reference entries: disabled
DEBUG main org.hibernate.cfg.Settings - Automatic eviction of collection cache: disabled
DEBUG main org.hibernate.cfg.Settings - JDBC batch size: 15
DEBUG main org.hibernate.cfg.Settings - JDBC batch updates for versioned data: disabled
DEBUG main org.hibernate.cfg.Settings - Scrollable result sets: enabled
DEBUG main org.hibernate.cfg.Settings - Wrap result sets: disabled
DEBUG main org.hibernate.cfg.Settings - JDBC3 getGeneratedKeys(): disabled
DEBUG main org.hibernate.cfg.Settings - JDBC result set fetch size: null
DEBUG main org.hibernate.cfg.Settings - Connection release mode: ON_CLOSE
DEBUG main org.hibernate.cfg.Settings - Generate SQL with comments: disabled
DEBUG main org.hibernate.internal.SessionFactoryImpl - Session factory constructed with filter configurations : {}
DEBUG main org.hibernate.internal.SessionFactoryImpl - Instantiating session factory with properties: {sun.desktop=windows, hibernate.format_sql=true, awt.toolkit=sun.awt.windows.WToolkit, file.encoding.pkg=sun.io, java.specification.version=1.8, hibernate.connection.handling_mode=DELAYED_ACQUISITION_AND_HOLD, sun.cpu.isalist=amd64, sun.jnu.encoding=Cp1252, hibernate.dialect=org.hibernate.dialect.Oracle10gDialect, java.class.path=C:\Program Files\Java\jre1.8.0_73\lib\resources.jar;C:\Program Files\Java\jre1.8.0_73\lib\rt.jar;C:\Program Files\Java\jre1.8.0_73\lib\jsse.jar;C:\Program Files\Java\jre1.8.0_73\lib\jce.jar;C:\Program Files\Java\jre1.8.0_73\lib\charsets.jar;C:\Program Files\Java\jre1.8.0_73\lib\jfr.jar;C:\Program Files\Java\jre1.8.0_73\lib\ext\access-bridge-64.jar;C:\Program Files\Java\jre1.8.0_73\lib\ext\cldrdata.jar;C:\Program Files\Java\jre1.8.0_73\lib\ext\dnsns.jar;C:\Program Files\Java\jre1.8.0_73\lib\ext\jaccess.jar;C:\Program Files\Java\jre1.8.0_73\lib\ext\jfxrt.jar;C:\Program Files\Java\jre1.8.0_73\lib\ext\localedata.jar;C:\Program Files\Java\jre1.8.0_73\lib\ext\nashorn.jar;C:\Program Files\Java\jre1.8.0_73\lib\ext\sunec.jar;C:\Program Files\Java\jre1.8.0_73\lib\ext\sunjce_provider.jar;C:\Program Files\Java\jre1.8.0_73\lib\ext\sunmscapi.jar;C:\Program Files\Java\jre1.8.0_73\lib\ext\sunpkcs11.jar;C:\Program Files\Java\jre1.8.0_73\lib\ext\zipfs.jar;D:\backup(D)\Eclipse Oxygen\eclipse\workspace\springmvcweb\target\classes;D:\backup(D)\Eclipse Oxygen\eclipse\workspace\springmvccore\target\classes;D:\backup(D)\Eclipse Oxygen\eclipse\workspace\springmvcdao\target\classes;D:\mavenRepository\com\sun\jersey\jersey-client\1.19.4\jersey-client-1.19.4.jar;D:\mavenRepository\com\sun\jersey\jersey-server\1.19.4\jersey-server-1.19.4.jar;D:\mavenRepository\com\sun\jersey\jersey-core\1.19.4\jersey-core-1.19.4.jar;D:\mavenRepository\javax\ws\rs\jsr311-api\1.1.1\jsr311-api-1.1.1.jar;D:\mavenRepository\com\sun\jersey\jersey-json\1.19.4\jersey-json-1.19.4.jar;D:\mavenRepository\org\codehaus\jettison\jettison\1.1\jettison-1.1.jar;D:\mavenRepository\com\sun\xml\bind\jaxb-impl\2.2.3-1\jaxb-impl-2.2.3-1.jar;D:\mavenRepository\javax\xml\bind\jaxb-api\2.2.2\jaxb-api-2.2.2.jar;D:\mavenRepository\javax\xml\stream\stax-api\1.0-2\stax-api-1.0-2.jar;D:\mavenRepository\javax\activation\activation\1.1\activation-1.1.jar;D:\mavenRepository\org\codehaus\jackson\jackson-core-asl\1.9.2\jackson-core-asl-1.9.2.jar;D:\mavenRepository\org\codehaus\jackson\jackson-mapper-asl\1.9.2\jackson-mapper-asl-1.9.2.jar;D:\mavenRepository\org\codehaus\jackson\jackson-jaxrs\1.9.2\jackson-jaxrs-1.9.2.jar;D:\mavenRepository\org\codehaus\jackson\jackson-xc\1.9.2\jackson-xc-1.9.2.jar;D:\mavenRepository\com\sun\jersey\contribs\jersey-multipart\1.19.4\jersey-multipart-1.19.4.jar;D:\mavenRepository\org\jvnet\mimepull\mimepull\1.9.3\mimepull-1.9.3.jar;D:\mavenRepository\com\sun\jersey\jersey-servlet\1.19.4\jersey-servlet-1.19.4.jar;D:\mavenRepository\net\bytebuddy\byte-buddy\1.7.9\byte-buddy-1.7.9.jar;D:\mavenRepository\javax\servlet\javax.servlet-api\3.1.0\javax.servlet-api-3.1.0.jar;D:\mavenRepository\log4j\log4j\1.2.17\log4j-1.2.17.jar;D:\mavenRepository\org\springframework\spring-webmvc\4.3.7.RELEASE\spring-webmvc-4.3.7.RELEASE.jar;D:\mavenRepository\org\springframework\spring-expression\4.3.7.RELEASE\spring-expression-4.3.7.RELEASE.jar;D:\mavenRepository\org\springframework\spring-web\4.3.7.RELEASE\spring-web-4.3.7.RELEASE.jar;D:\mavenRepository\org\springframework\spring-context\4.3.7.RELEASE\spring-context-4.3.7.RELEASE.jar;D:\mavenRepository\org\springframework\spring-core\4.3.7.RELEASE\spring-core-4.3.7.RELEASE.jar;D:\mavenRepository\commons-logging\commons-logging\1.2\commons-logging-1.2.jar;D:\mavenRepository\org\springframework\spring-beans\4.3.7.RELEASE\spring-beans-4.3.7.RELEASE.jar;D:\mavenRepository\org\springframework\spring-jdbc\4.3.7.RELEASE\spring-jdbc-4.3.7.RELEASE.jar;D:\mavenRepository\org\springframework\spring-tx\4.3.7.RELEASE\spring-tx-4.3.7.RELEASE.jar;D:\mavenRepository\org\springframework\spring-orm\4.3.7.RELEASE\spring-orm-4.3.7.RELEASE.jar;D:\mavenRepository\org\springframework\spring-aop\4.3.7.RELEASE\spring-aop-4.3.7.RELEASE.jar;D:\mavenRepository\org\springframework\data\spring-data-jpa\2.0.1.RELEASE\spring-data-jpa-2.0.1.RELEASE.jar;D:\mavenRepository\org\springframework\data\spring-data-commons\2.0.1.RELEASE\spring-data-commons-2.0.1.RELEASE.jar;D:\mavenRepository\org\aspectj\aspectjrt\1.8.12\aspectjrt-1.8.12.jar;D:\mavenRepository\org\slf4j\slf4j-api\1.7.25\slf4j-api-1.7.25.jar;D:\mavenRepository\com\mchange\c3p0\0.9.2.1\c3p0-0.9.2.1.jar;D:\mavenRepository\com\mchange\mchange-commons-java\0.2.3.4\mchange-commons-java-0.2.3.4.jar;D:\mavenRepository\org\hibernate\hibernate-core\5.2.10.Final\hibernate-core-5.2.10.Final.jar;D:\mavenRepository\org\jboss\logging\jboss-logging\3.3.0.Final\jboss-logging-3.3.0.Final.jar;D:\mavenRepository\org\javassist\javassist\3.20.0-GA\javassist-3.20.0-GA.jar;D:\mavenRepository\antlr\antlr\2.7.7\antlr-2.7.7.jar;D:\mavenRepository\org\jboss\spec\javax\transaction\jboss-transaction-api_1.2_spec\1.0.1.Final\jboss-transaction-api_1.2_spec-1.0.1.Final.jar;D:\mavenRepository\org\jboss\jandex\2.0.3.Final\jandex-2.0.3.Final.jar;D:\mavenRepository\com\fasterxml\classmate\1.3.0\classmate-1.3.0.jar;D:\mavenRepository\dom4j\dom4j\1.6.1\dom4j-1.6.1.jar;D:\mavenRepository\org\hibernate\common\hibernate-commons-annotations\5.0.1.Final\hibernate-commons-annotations-5.0.1.Final.jar;D:\mavenRepository\org\hibernate\hibernate-entitymanager\5.2.10.Final\hibernate-entitymanager-5.2.10.Final.jar;D:\mavenRepository\org\hibernate\hibernate-validator\5.1.3.Final\hibernate-validator-5.1.3.Final.jar;D:\mavenRepository\javax\validation\validation-api\1.1.0.Final\validation-api-1.1.0.Final.jar;D:\mavenRepository\org\hibernate\javax\persistence\hibernate-jpa-2.1-api\1.0.0.Final\hibernate-jpa-2.1-api-1.0.0.Final.jar;D:\mavenRepository\ojdbc\ojdbc\14-10gR3\ojdbc-14-10gR3.jar, java.vm.vendor=Oracle Corporation, sun.arch.data.model=64, user.variant=, java.vendor.url=http://java.oracle.com/, user.timezone=GMT-03:00, os.name=Windows 8, java.vm.specification.version=1.8, user.country=BR, sun.java.launcher=SUN_STANDARD, sun.boot.library.path=C:\Program Files\Java\jre1.8.0_73\bin, sun.java.command=br.com.springmvc.controller.DepartamentoController, sun.cpu.endian=little, user.home=C:\Users\THIAGO MAIA, user.language=pt, java.specification.vendor=Oracle Corporation, java.home=C:\Program Files\Java\jre1.8.0_73, file.separator=\, line.separator=
, java.vm.specification.vendor=Oracle Corporation, java.specification.name=Java Platform API Specification, java.awt.graphicsenv=sun.awt.Win32GraphicsEnvironment, sun.boot.class.path=C:\Program Files\Java\jre1.8.0_73\lib\resources.jar;C:\Program Files\Java\jre1.8.0_73\lib\rt.jar;C:\Program Files\Java\jre1.8.0_73\lib\sunrsasign.jar;C:\Program Files\Java\jre1.8.0_73\lib\jsse.jar;C:\Program Files\Java\jre1.8.0_73\lib\jce.jar;C:\Program Files\Java\jre1.8.0_73\lib\charsets.jar;C:\Program Files\Java\jre1.8.0_73\lib\jfr.jar;C:\Program Files\Java\jre1.8.0_73\classes, user.script=, sun.management.compiler=HotSpot 64-Bit Tiered Compilers, java.runtime.version=1.8.0_73-b02, user.name=THIAGO MAIA, path.separator=;, os.version=6.2, java.endorsed.dirs=C:\Program Files\Java\jre1.8.0_73\lib\endorsed, java.runtime.name=Java(TM) SE Runtime Environment, file.encoding=Cp1252, java.vm.name=Java HotSpot(TM) 64-Bit Server VM, hibernate.show_sql=true, hibernate.classLoaders=[sun.misc.Launcher$AppClassLoader@14dad5dc], hibernate.current_session_context_class=org.springframework.orm.hibernate5.SpringSessionContext, java.vendor.url.bug=http://bugreport.sun.com/bugreport/, java.io.tmpdir=C:\Users\THIAGO~1\AppData\Local\Temp\, java.version=1.8.0_73, user.dir=D:\backup(D)\Eclipse Oxygen\eclipse\workspace\springmvcweb, os.arch=amd64, java.vm.specification.name=Java Virtual Machine Specification, java.awt.printerjob=sun.awt.windows.WPrinterJob, sun.os.patch.level=, hibernate.boot.CfgXmlAccessService.key=org.hibernate.boot.cfgxml.spi.LoadedConfig@ab20d7c, java.library.path=C:\Program Files\Java\jre1.8.0_73\bin;C:\Windows\Sun\Java\bin;C:\Windows\system32;C:\Windows;C:/Program Files/Java/jre1.8.0_73/bin/server;C:/Program Files/Java/jre1.8.0_73/bin;C:/Program Files/Java/jre1.8.0_73/lib/amd64;C:\ProgramData\Oracle\Java\javapath;C:\Windows\system32;C:\Windows;C:\Windows\System32\Wbem;C:\Windows\System32\WindowsPowerShell\v1.0\;C:\Program Files\VDownloader\;C:\Users\THIAGO MAIA\AppData\Local\Smartbar\Application\;C:\Program Files (x86)\Internet Explorer;C:\Users\THIAGO MAIA\AppData\Local\Smartbar\Application\;C:\Program Files (x86)\Windows Live\Shared;C:\Program Files\Maven\apache-maven-3.2.1\bin;C:\Program Files\Git\cmd;C:\Program Files\nodejs;C:\Program Files\Java\jdk1.8.0_73\bin;C:\Program Files\Heroku\bin;C:\Users\THIAGO MAIA\AppData\Roaming\npm;C:\Program Files\Microsoft VS Code\bin;D:\backup(D)\Eclipse Oxygen\eclipse;;., java.vm.info=mixed mode, java.vendor=Oracle Corporation, java.vm.version=25.73-b02, hibernate.bytecode.use_reflection_optimizer=false, hibernate.connection.datasource=org.springframework.jdbc.datasource.DriverManagerDataSource@421e361, java.ext.dirs=C:\Program Files\Java\jre1.8.0_73\lib\ext;C:\Windows\Sun\Java\lib\ext, sun.io.unicode.encoding=UnicodeLittle, java.class.version=52.0}
INFO main org.hibernate.validator.internal.util.Version - HV000001: Hibernate Validator 5.1.3.Final
DEBUG main org.hibernate.validator.internal.engine.resolver.DefaultTraversableResolver - Found javax.persistence.Persistence on classpath containing 'getPersistenceUtil'. Assuming JPA 2 environment. Trying to instantiate JPA aware TraversableResolver
DEBUG main org.hibernate.validator.internal.engine.resolver.DefaultTraversableResolver - Instantiated JPA aware TraversableResolver of type org.hibernate.validator.internal.engine.resolver.JPATraversableResolver.
DEBUG main org.hibernate.cfg.beanvalidation.TypeSafeActivator - Unable to acquire Bean Validation ValidatorFactory, skipping activation
DEBUG main org.hibernate.secure.spi.JaccIntegrator - Skipping JACC integration as it was not enabled
DEBUG main org.hibernate.internal.SessionFactoryImpl - Instantiated session factory
DEBUG main org.hibernate.boot.internal.ClassLoaderAccessImpl - Not known whether passed class name [br.com.springmvc.model.Departamento] is safe
DEBUG main org.hibernate.boot.internal.ClassLoaderAccessImpl - No temp ClassLoader provided; using live ClassLoader for loading potentially unsafe class : br.com.springmvc.model.Departamento
DEBUG main org.hibernate.boot.internal.ClassLoaderAccessImpl - Not known whether passed class name [br.com.springmvc.model.Departamento] is safe
DEBUG main org.hibernate.boot.internal.ClassLoaderAccessImpl - No temp ClassLoader provided; using live ClassLoader for loading potentially unsafe class : br.com.springmvc.model.Departamento
DEBUG main org.hibernate.persister.entity.AbstractEntityPersister - Static SQL for entity: br.com.springmvc.model.Departamento
DEBUG main org.hibernate.persister.entity.AbstractEntityPersister -  Version select: select COD_DEPARTAMENTO from DEPARTAMENTO where COD_DEPARTAMENTO =?
DEBUG main org.hibernate.persister.entity.AbstractEntityPersister -  Snapshot select: select departamen_.COD_DEPARTAMENTO, departamen_.LOCALIZACAO_DEPARTAMENTO as LOCALIZACAO_DEPART2_0_, departamen_.NOME_DEPARTAMENTO as NOME_DEPARTAMENTO3_0_ from DEPARTAMENTO departamen_ where departamen_.COD_DEPARTAMENTO=?
DEBUG main org.hibernate.persister.entity.AbstractEntityPersister -  Insert 0: insert into DEPARTAMENTO (LOCALIZACAO_DEPARTAMENTO, NOME_DEPARTAMENTO, COD_DEPARTAMENTO) values (?, ?, ?)
DEBUG main org.hibernate.persister.entity.AbstractEntityPersister -  Update 0: update DEPARTAMENTO set LOCALIZACAO_DEPARTAMENTO=?, NOME_DEPARTAMENTO=? where COD_DEPARTAMENTO=?
DEBUG main org.hibernate.persister.entity.AbstractEntityPersister -  Delete 0: delete from DEPARTAMENTO where COD_DEPARTAMENTO=?
DEBUG main org.hibernate.loader.plan.build.internal.spaces.QuerySpacesImpl - Adding QuerySpace : uid = <gen:0> -> org.hibernate.loader.plan.build.internal.spaces.EntityQuerySpaceImpl@17d32e9b]
DEBUG main org.hibernate.persister.walking.spi.MetamodelGraphWalker - Visiting attribute path : localizacaoDepartamento
DEBUG main org.hibernate.persister.walking.spi.MetamodelGraphWalker - Visiting attribute path : nomeDepartamento
DEBUG main org.hibernate.loader.plan.build.internal.FetchStyleLoadPlanBuildingAssociationVisitationStrategy - Building LoadPlan...
DEBUG main org.hibernate.loader.plan.exec.internal.LoadQueryJoinAndFetchProcessor - processing queryspace <gen:0>
DEBUG main org.hibernate.loader.plan.build.spi.LoadPlanTreePrinter - LoadPlan(entity=br.com.springmvc.model.Departamento)
    - Returns
       - EntityReturnImpl(entity=br.com.springmvc.model.Departamento, querySpaceUid=<gen:0>, path=br.com.springmvc.model.Departamento)
    - QuerySpaces
       - EntityQuerySpaceImpl(uid=<gen:0>, entity=br.com.springmvc.model.Departamento)
          - SQL table alias mapping - departamen0_
          - alias suffix - 0_
          - suffixed key columns - {COD_DEPARTAMENTO1_0_0_}

DEBUG main org.hibernate.loader.entity.plan.EntityLoader - Static select for entity br.com.springmvc.model.Departamento [NONE]: select departamen0_.COD_DEPARTAMENTO as COD_DEPARTAMENTO1_0_0_, departamen0_.LOCALIZACAO_DEPARTAMENTO as LOCALIZACAO_DEPART2_0_0_, departamen0_.NOME_DEPARTAMENTO as NOME_DEPARTAMENTO3_0_0_ from DEPARTAMENTO departamen0_ where departamen0_.COD_DEPARTAMENTO=?
DEBUG main org.hibernate.loader.plan.build.internal.spaces.QuerySpacesImpl - Adding QuerySpace : uid = <gen:0> -> org.hibernate.loader.plan.build.internal.spaces.EntityQuerySpaceImpl@858d8b4]
DEBUG main org.hibernate.persister.walking.spi.MetamodelGraphWalker - Visiting attribute path : localizacaoDepartamento
DEBUG main org.hibernate.persister.walking.spi.MetamodelGraphWalker - Visiting attribute path : nomeDepartamento
DEBUG main org.hibernate.loader.plan.build.internal.FetchStyleLoadPlanBuildingAssociationVisitationStrategy - Building LoadPlan...
DEBUG main org.hibernate.loader.plan.exec.internal.LoadQueryJoinAndFetchProcessor - processing queryspace <gen:0>
DEBUG main org.hibernate.loader.plan.build.spi.LoadPlanTreePrinter - LoadPlan(entity=br.com.springmvc.model.Departamento)
    - Returns
       - EntityReturnImpl(entity=br.com.springmvc.model.Departamento, querySpaceUid=<gen:0>, path=br.com.springmvc.model.Departamento)
    - QuerySpaces
       - EntityQuerySpaceImpl(uid=<gen:0>, entity=br.com.springmvc.model.Departamento)
          - SQL table alias mapping - departamen0_
          - alias suffix - 0_
          - suffixed key columns - {COD_DEPARTAMENTO1_0_0_}

DEBUG main org.hibernate.loader.entity.plan.EntityLoader - Static select for entity br.com.springmvc.model.Departamento [READ]: select departamen0_.COD_DEPARTAMENTO as COD_DEPARTAMENTO1_0_0_, departamen0_.LOCALIZACAO_DEPARTAMENTO as LOCALIZACAO_DEPART2_0_0_, departamen0_.NOME_DEPARTAMENTO as NOME_DEPARTAMENTO3_0_0_ from DEPARTAMENTO departamen0_ where departamen0_.COD_DEPARTAMENTO=?
DEBUG main org.hibernate.loader.plan.build.internal.spaces.QuerySpacesImpl - Adding QuerySpace : uid = <gen:0> -> org.hibernate.loader.plan.build.internal.spaces.EntityQuerySpaceImpl@612e21b9]
DEBUG main org.hibernate.persister.walking.spi.MetamodelGraphWalker - Visiting attribute path : localizacaoDepartamento
DEBUG main org.hibernate.persister.walking.spi.MetamodelGraphWalker - Visiting attribute path : nomeDepartamento
DEBUG main org.hibernate.loader.plan.build.internal.FetchStyleLoadPlanBuildingAssociationVisitationStrategy - Building LoadPlan...
DEBUG main org.hibernate.loader.plan.exec.internal.LoadQueryJoinAndFetchProcessor - processing queryspace <gen:0>
DEBUG main org.hibernate.loader.plan.build.spi.LoadPlanTreePrinter - LoadPlan(entity=br.com.springmvc.model.Departamento)
    - Returns
       - EntityReturnImpl(entity=br.com.springmvc.model.Departamento, querySpaceUid=<gen:0>, path=br.com.springmvc.model.Departamento)
    - QuerySpaces
       - EntityQuerySpaceImpl(uid=<gen:0>, entity=br.com.springmvc.model.Departamento)
          - SQL table alias mapping - departamen0_
          - alias suffix - 0_
          - suffixed key columns - {COD_DEPARTAMENTO1_0_0_}

DEBUG main org.hibernate.loader.entity.plan.EntityLoader - Static select for entity br.com.springmvc.model.Departamento [UPGRADE]: select departamen0_.COD_DEPARTAMENTO as COD_DEPARTAMENTO1_0_0_, departamen0_.LOCALIZACAO_DEPARTAMENTO as LOCALIZACAO_DEPART2_0_0_, departamen0_.NOME_DEPARTAMENTO as NOME_DEPARTAMENTO3_0_0_ from DEPARTAMENTO departamen0_ where departamen0_.COD_DEPARTAMENTO=? for update
DEBUG main org.hibernate.loader.plan.build.internal.spaces.QuerySpacesImpl - Adding QuerySpace : uid = <gen:0> -> org.hibernate.loader.plan.build.internal.spaces.EntityQuerySpaceImpl@7efd28bd]
DEBUG main org.hibernate.persister.walking.spi.MetamodelGraphWalker - Visiting attribute path : localizacaoDepartamento
DEBUG main org.hibernate.persister.walking.spi.MetamodelGraphWalker - Visiting attribute path : nomeDepartamento
DEBUG main org.hibernate.loader.plan.build.internal.FetchStyleLoadPlanBuildingAssociationVisitationStrategy - Building LoadPlan...
DEBUG main org.hibernate.loader.plan.exec.internal.LoadQueryJoinAndFetchProcessor - processing queryspace <gen:0>
DEBUG main org.hibernate.loader.plan.build.spi.LoadPlanTreePrinter - LoadPlan(entity=br.com.springmvc.model.Departamento)
    - Returns
       - EntityReturnImpl(entity=br.com.springmvc.model.Departamento, querySpaceUid=<gen:0>, path=br.com.springmvc.model.Departamento)
    - QuerySpaces
       - EntityQuerySpaceImpl(uid=<gen:0>, entity=br.com.springmvc.model.Departamento)
          - SQL table alias mapping - departamen0_
          - alias suffix - 0_
          - suffixed key columns - {COD_DEPARTAMENTO1_0_0_}

DEBUG main org.hibernate.loader.entity.plan.EntityLoader - Static select for entity br.com.springmvc.model.Departamento [UPGRADE_NOWAIT]: select departamen0_.COD_DEPARTAMENTO as COD_DEPARTAMENTO1_0_0_, departamen0_.LOCALIZACAO_DEPARTAMENTO as LOCALIZACAO_DEPART2_0_0_, departamen0_.NOME_DEPARTAMENTO as NOME_DEPARTAMENTO3_0_0_ from DEPARTAMENTO departamen0_ where departamen0_.COD_DEPARTAMENTO=? for update nowait
DEBUG main org.hibernate.loader.plan.build.internal.spaces.QuerySpacesImpl - Adding QuerySpace : uid = <gen:0> -> org.hibernate.loader.plan.build.internal.spaces.EntityQuerySpaceImpl@7718a40f]
DEBUG main org.hibernate.persister.walking.spi.MetamodelGraphWalker - Visiting attribute path : localizacaoDepartamento
DEBUG main org.hibernate.persister.walking.spi.MetamodelGraphWalker - Visiting attribute path : nomeDepartamento
DEBUG main org.hibernate.loader.plan.build.internal.FetchStyleLoadPlanBuildingAssociationVisitationStrategy - Building LoadPlan...
DEBUG main org.hibernate.loader.plan.exec.internal.LoadQueryJoinAndFetchProcessor - processing queryspace <gen:0>
DEBUG main org.hibernate.loader.plan.build.spi.LoadPlanTreePrinter - LoadPlan(entity=br.com.springmvc.model.Departamento)
    - Returns
       - EntityReturnImpl(entity=br.com.springmvc.model.Departamento, querySpaceUid=<gen:0>, path=br.com.springmvc.model.Departamento)
    - QuerySpaces
       - EntityQuerySpaceImpl(uid=<gen:0>, entity=br.com.springmvc.model.Departamento)
          - SQL table alias mapping - departamen0_
          - alias suffix - 0_
          - suffixed key columns - {COD_DEPARTAMENTO1_0_0_}

DEBUG main org.hibernate.loader.entity.plan.EntityLoader - Static select for entity br.com.springmvc.model.Departamento [UPGRADE_SKIPLOCKED]: select departamen0_.COD_DEPARTAMENTO as COD_DEPARTAMENTO1_0_0_, departamen0_.LOCALIZACAO_DEPARTAMENTO as LOCALIZACAO_DEPART2_0_0_, departamen0_.NOME_DEPARTAMENTO as NOME_DEPARTAMENTO3_0_0_ from DEPARTAMENTO departamen0_ where departamen0_.COD_DEPARTAMENTO=? for update skip locked
DEBUG main org.hibernate.loader.plan.build.internal.spaces.QuerySpacesImpl - Adding QuerySpace : uid = <gen:0> -> org.hibernate.loader.plan.build.internal.spaces.EntityQuerySpaceImpl@26844abb]
DEBUG main org.hibernate.persister.walking.spi.MetamodelGraphWalker - Visiting attribute path : localizacaoDepartamento
DEBUG main org.hibernate.persister.walking.spi.MetamodelGraphWalker - Visiting attribute path : nomeDepartamento
DEBUG main org.hibernate.loader.plan.build.internal.FetchStyleLoadPlanBuildingAssociationVisitationStrategy - Building LoadPlan...
DEBUG main org.hibernate.loader.plan.exec.internal.LoadQueryJoinAndFetchProcessor - processing queryspace <gen:0>
DEBUG main org.hibernate.loader.plan.build.spi.LoadPlanTreePrinter - LoadPlan(entity=br.com.springmvc.model.Departamento)
    - Returns
       - EntityReturnImpl(entity=br.com.springmvc.model.Departamento, querySpaceUid=<gen:0>, path=br.com.springmvc.model.Departamento)
    - QuerySpaces
       - EntityQuerySpaceImpl(uid=<gen:0>, entity=br.com.springmvc.model.Departamento)
          - SQL table alias mapping - departamen0_
          - alias suffix - 0_
          - suffixed key columns - {COD_DEPARTAMENTO1_0_0_}

DEBUG main org.hibernate.loader.entity.plan.EntityLoader - Static select for entity br.com.springmvc.model.Departamento [FORCE]: select departamen0_.COD_DEPARTAMENTO as COD_DEPARTAMENTO1_0_0_, departamen0_.LOCALIZACAO_DEPARTAMENTO as LOCALIZACAO_DEPART2_0_0_, departamen0_.NOME_DEPARTAMENTO as NOME_DEPARTAMENTO3_0_0_ from DEPARTAMENTO departamen0_ where departamen0_.COD_DEPARTAMENTO=? for update nowait
DEBUG main org.hibernate.loader.plan.build.internal.spaces.QuerySpacesImpl - Adding QuerySpace : uid = <gen:0> -> org.hibernate.loader.plan.build.internal.spaces.EntityQuerySpaceImpl@288ca5f0]
DEBUG main org.hibernate.persister.walking.spi.MetamodelGraphWalker - Visiting attribute path : localizacaoDepartamento
DEBUG main org.hibernate.persister.walking.spi.MetamodelGraphWalker - Visiting attribute path : nomeDepartamento
DEBUG main org.hibernate.loader.plan.build.internal.FetchStyleLoadPlanBuildingAssociationVisitationStrategy - Building LoadPlan...
DEBUG main org.hibernate.loader.plan.exec.internal.LoadQueryJoinAndFetchProcessor - processing queryspace <gen:0>
DEBUG main org.hibernate.loader.plan.build.spi.LoadPlanTreePrinter - LoadPlan(entity=br.com.springmvc.model.Departamento)
    - Returns
       - EntityReturnImpl(entity=br.com.springmvc.model.Departamento, querySpaceUid=<gen:0>, path=br.com.springmvc.model.Departamento)
    - QuerySpaces
       - EntityQuerySpaceImpl(uid=<gen:0>, entity=br.com.springmvc.model.Departamento)
          - SQL table alias mapping - departamen0_
          - alias suffix - 0_
          - suffixed key columns - {COD_DEPARTAMENTO1_0_0_}

DEBUG main org.hibernate.loader.entity.plan.EntityLoader - Static select for entity br.com.springmvc.model.Departamento [PESSIMISTIC_READ]: select departamen0_.COD_DEPARTAMENTO as COD_DEPARTAMENTO1_0_0_, departamen0_.LOCALIZACAO_DEPARTAMENTO as LOCALIZACAO_DEPART2_0_0_, departamen0_.NOME_DEPARTAMENTO as NOME_DEPARTAMENTO3_0_0_ from DEPARTAMENTO departamen0_ where departamen0_.COD_DEPARTAMENTO=? for update
DEBUG main org.hibernate.loader.plan.build.internal.spaces.QuerySpacesImpl - Adding QuerySpace : uid = <gen:0> -> org.hibernate.loader.plan.build.internal.spaces.EntityQuerySpaceImpl@44bd4b0a]
DEBUG main org.hibernate.persister.walking.spi.MetamodelGraphWalker - Visiting attribute path : localizacaoDepartamento
DEBUG main org.hibernate.persister.walking.spi.MetamodelGraphWalker - Visiting attribute path : nomeDepartamento
DEBUG main org.hibernate.loader.plan.build.internal.FetchStyleLoadPlanBuildingAssociationVisitationStrategy - Building LoadPlan...
DEBUG main org.hibernate.loader.plan.exec.internal.LoadQueryJoinAndFetchProcessor - processing queryspace <gen:0>
DEBUG main org.hibernate.loader.plan.build.spi.LoadPlanTreePrinter - LoadPlan(entity=br.com.springmvc.model.Departamento)
    - Returns
       - EntityReturnImpl(entity=br.com.springmvc.model.Departamento, querySpaceUid=<gen:0>, path=br.com.springmvc.model.Departamento)
    - QuerySpaces
       - EntityQuerySpaceImpl(uid=<gen:0>, entity=br.com.springmvc.model.Departamento)
          - SQL table alias mapping - departamen0_
          - alias suffix - 0_
          - suffixed key columns - {COD_DEPARTAMENTO1_0_0_}

DEBUG main org.hibernate.loader.entity.plan.EntityLoader - Static select for entity br.com.springmvc.model.Departamento [PESSIMISTIC_WRITE]: select departamen0_.COD_DEPARTAMENTO as COD_DEPARTAMENTO1_0_0_, departamen0_.LOCALIZACAO_DEPARTAMENTO as LOCALIZACAO_DEPART2_0_0_, departamen0_.NOME_DEPARTAMENTO as NOME_DEPARTAMENTO3_0_0_ from DEPARTAMENTO departamen0_ where departamen0_.COD_DEPARTAMENTO=? for update
DEBUG main org.hibernate.loader.plan.build.internal.spaces.QuerySpacesImpl - Adding QuerySpace : uid = <gen:0> -> org.hibernate.loader.plan.build.internal.spaces.EntityQuerySpaceImpl@216e0771]
DEBUG main org.hibernate.persister.walking.spi.MetamodelGraphWalker - Visiting attribute path : localizacaoDepartamento
DEBUG main org.hibernate.persister.walking.spi.MetamodelGraphWalker - Visiting attribute path : nomeDepartamento
DEBUG main org.hibernate.loader.plan.build.internal.FetchStyleLoadPlanBuildingAssociationVisitationStrategy - Building LoadPlan...
DEBUG main org.hibernate.loader.plan.exec.internal.LoadQueryJoinAndFetchProcessor - processing queryspace <gen:0>
DEBUG main org.hibernate.loader.plan.build.spi.LoadPlanTreePrinter - LoadPlan(entity=br.com.springmvc.model.Departamento)
    - Returns
       - EntityReturnImpl(entity=br.com.springmvc.model.Departamento, querySpaceUid=<gen:0>, path=br.com.springmvc.model.Departamento)
    - QuerySpaces
       - EntityQuerySpaceImpl(uid=<gen:0>, entity=br.com.springmvc.model.Departamento)
          - SQL table alias mapping - departamen0_
          - alias suffix - 0_
          - suffixed key columns - {COD_DEPARTAMENTO1_0_0_}

DEBUG main org.hibernate.loader.entity.plan.EntityLoader - Static select for entity br.com.springmvc.model.Departamento [PESSIMISTIC_FORCE_INCREMENT]: select departamen0_.COD_DEPARTAMENTO as COD_DEPARTAMENTO1_0_0_, departamen0_.LOCALIZACAO_DEPARTAMENTO as LOCALIZACAO_DEPART2_0_0_, departamen0_.NOME_DEPARTAMENTO as NOME_DEPARTAMENTO3_0_0_ from DEPARTAMENTO departamen0_ where departamen0_.COD_DEPARTAMENTO=? for update nowait
DEBUG main org.hibernate.loader.plan.build.internal.spaces.QuerySpacesImpl - Adding QuerySpace : uid = <gen:0> -> org.hibernate.loader.plan.build.internal.spaces.EntityQuerySpaceImpl@fcc6023]
DEBUG main org.hibernate.persister.walking.spi.MetamodelGraphWalker - Visiting attribute path : localizacaoDepartamento
DEBUG main org.hibernate.persister.walking.spi.MetamodelGraphWalker - Visiting attribute path : nomeDepartamento
DEBUG main org.hibernate.loader.plan.build.internal.FetchStyleLoadPlanBuildingAssociationVisitationStrategy - Building LoadPlan...
DEBUG main org.hibernate.loader.plan.exec.internal.LoadQueryJoinAndFetchProcessor - processing queryspace <gen:0>
DEBUG main org.hibernate.loader.plan.build.spi.LoadPlanTreePrinter - LoadPlan(entity=br.com.springmvc.model.Departamento)
    - Returns
       - EntityReturnImpl(entity=br.com.springmvc.model.Departamento, querySpaceUid=<gen:0>, path=br.com.springmvc.model.Departamento)
    - QuerySpaces
       - EntityQuerySpaceImpl(uid=<gen:0>, entity=br.com.springmvc.model.Departamento)
          - SQL table alias mapping - departamen0_
          - alias suffix - 0_
          - suffixed key columns - {COD_DEPARTAMENTO1_0_0_}

DEBUG main org.hibernate.loader.entity.plan.EntityLoader - Static select for entity br.com.springmvc.model.Departamento [OPTIMISTIC]: select departamen0_.COD_DEPARTAMENTO as COD_DEPARTAMENTO1_0_0_, departamen0_.LOCALIZACAO_DEPARTAMENTO as LOCALIZACAO_DEPART2_0_0_, departamen0_.NOME_DEPARTAMENTO as NOME_DEPARTAMENTO3_0_0_ from DEPARTAMENTO departamen0_ where departamen0_.COD_DEPARTAMENTO=?
DEBUG main org.hibernate.loader.plan.build.internal.spaces.QuerySpacesImpl - Adding QuerySpace : uid = <gen:0> -> org.hibernate.loader.plan.build.internal.spaces.EntityQuerySpaceImpl@36417a54]
DEBUG main org.hibernate.persister.walking.spi.MetamodelGraphWalker - Visiting attribute path : localizacaoDepartamento
DEBUG main org.hibernate.persister.walking.spi.MetamodelGraphWalker - Visiting attribute path : nomeDepartamento
DEBUG main org.hibernate.loader.plan.build.internal.FetchStyleLoadPlanBuildingAssociationVisitationStrategy - Building LoadPlan...
DEBUG main org.hibernate.loader.plan.exec.internal.LoadQueryJoinAndFetchProcessor - processing queryspace <gen:0>
DEBUG main org.hibernate.loader.plan.build.spi.LoadPlanTreePrinter - LoadPlan(entity=br.com.springmvc.model.Departamento)
    - Returns
       - EntityReturnImpl(entity=br.com.springmvc.model.Departamento, querySpaceUid=<gen:0>, path=br.com.springmvc.model.Departamento)
    - QuerySpaces
       - EntityQuerySpaceImpl(uid=<gen:0>, entity=br.com.springmvc.model.Departamento)
          - SQL table alias mapping - departamen0_
          - alias suffix - 0_
          - suffixed key columns - {COD_DEPARTAMENTO1_0_0_}

DEBUG main org.hibernate.loader.entity.plan.EntityLoader - Static select for entity br.com.springmvc.model.Departamento [OPTIMISTIC_FORCE_INCREMENT]: select departamen0_.COD_DEPARTAMENTO as COD_DEPARTAMENTO1_0_0_, departamen0_.LOCALIZACAO_DEPARTAMENTO as LOCALIZACAO_DEPART2_0_0_, departamen0_.NOME_DEPARTAMENTO as NOME_DEPARTAMENTO3_0_0_ from DEPARTAMENTO departamen0_ where departamen0_.COD_DEPARTAMENTO=?
DEBUG main org.hibernate.loader.Loader - Static select for action ACTION_MERGE on entity br.com.springmvc.model.Departamento: select departamen0_.COD_DEPARTAMENTO as COD_DEPARTAMENTO1_0_0_, departamen0_.LOCALIZACAO_DEPARTAMENTO as LOCALIZACAO_DEPART2_0_0_, departamen0_.NOME_DEPARTAMENTO as NOME_DEPARTAMENTO3_0_0_ from DEPARTAMENTO departamen0_ where departamen0_.COD_DEPARTAMENTO=?
DEBUG main org.hibernate.loader.Loader - Static select for action ACTION_REFRESH on entity br.com.springmvc.model.Departamento: select departamen0_.COD_DEPARTAMENTO as COD_DEPARTAMENTO1_0_0_, departamen0_.LOCALIZACAO_DEPARTAMENTO as LOCALIZACAO_DEPART2_0_0_, departamen0_.NOME_DEPARTAMENTO as NOME_DEPARTAMENTO3_0_0_ from DEPARTAMENTO departamen0_ where departamen0_.COD_DEPARTAMENTO=?
DEBUG main org.springframework.jdbc.datasource.DriverManagerDataSource - Creating new JDBC DriverManager Connection to [jdbc:oracle:thin:@localhost:1521:xe]
DEBUG main org.hibernate.tool.schema.spi.SchemaManagementToolCoordinator - No actions specified; doing nothing
DEBUG main org.hibernate.engine.transaction.jta.platform.internal.JtaPlatformInitiator - No JtaPlatform was specified, checking resolver
DEBUG main org.hibernate.engine.transaction.jta.platform.internal.JtaPlatformResolverInitiator - No JtaPlatformResolver was specified, using default [org.hibernate.engine.transaction.jta.platform.internal.StandardJtaPlatformResolver]
DEBUG main org.hibernate.engine.transaction.jta.platform.internal.StandardJtaPlatformResolver - Could not resolve JtaPlatform, using default [org.hibernate.engine.transaction.jta.platform.internal.NoJtaPlatform]
DEBUG main org.hibernate.query.spi.NamedQueryRepository - Checking 0 named HQL queries
DEBUG main org.hibernate.query.spi.NamedQueryRepository - Checking 0 named SQL queries
DEBUG main org.hibernate.internal.SessionFactoryRegistry - Initializing SessionFactoryRegistry : org.hibernate.internal.SessionFactoryRegistry@6cc86152
DEBUG main org.hibernate.internal.SessionFactoryRegistry - Registering SessionFactory: bfa3e4d1-9901-4394-840f-05cf556a1623 (<unnamed>)
DEBUG main org.hibernate.internal.SessionFactoryRegistry - Not binding SessionFactory to JNDI, no JNDI name configured
DEBUG main org.springframework.beans.factory.support.DefaultListableBeanFactory - Returning cached instance of singleton bean 'org.springframework.transaction.config.internalTransactionAdvisor'
DEBUG main org.springframework.beans.factory.support.DefaultListableBeanFactory - Finished creating instance of bean 'sessionFactory'
DEBUG main org.springframework.beans.factory.support.DefaultListableBeanFactory - Returning cached instance of singleton bean 'org.springframework.transaction.config.internalTransactionAdvisor'
DEBUG main org.springframework.beans.factory.annotation.AutowiredAnnotationBeanPostProcessor - Autowiring by type from bean name 'departamentoDaoImpl' to bean named 'sessionFactory'
DEBUG main org.springframework.beans.factory.support.DefaultListableBeanFactory - Returning cached instance of singleton bean 'org.springframework.transaction.config.internalTransactionAdvisor'
DEBUG main org.springframework.transaction.annotation.AnnotationTransactionAttributeSource - Adding transactional method 'br.com.springmvc.dao.DepartamentoDaoImpl.listarDepartamentos' with attribute: PROPAGATION_REQUIRED,ISOLATION_DEFAULT; ''
DEBUG main org.springframework.aop.framework.autoproxy.InfrastructureAdvisorAutoProxyCreator - Creating implicit proxy for bean 'departamentoDaoImpl' with 0 common interceptors and 1 specific interceptors
DEBUG main org.springframework.aop.framework.JdkDynamicAopProxy - Creating JDK dynamic proxy: target source is SingletonTargetSource for target object [br.com.springmvc.dao.DepartamentoDaoImpl@5a6fa56e]
DEBUG main org.springframework.beans.factory.support.DefaultListableBeanFactory - Finished creating instance of bean 'departamentoDaoImpl'
DEBUG main org.springframework.beans.factory.annotation.AutowiredAnnotationBeanPostProcessor - Autowiring by type from bean name 'departamentoBusiness' to bean named 'departamentoDaoImpl'
DEBUG main org.springframework.beans.factory.support.DefaultListableBeanFactory - Returning cached instance of singleton bean 'org.springframework.transaction.config.internalTransactionAdvisor'
DEBUG main org.springframework.beans.factory.support.DefaultListableBeanFactory - Finished creating instance of bean 'departamentoBusiness'
DEBUG main org.springframework.beans.factory.annotation.AutowiredAnnotationBeanPostProcessor - Autowiring by type from bean name 'departamentoController' to bean named 'departamentoBusiness'
DEBUG main org.springframework.beans.factory.support.DefaultListableBeanFactory - Returning cached instance of singleton bean 'org.springframework.transaction.config.internalTransactionAdvisor'
DEBUG main org.springframework.beans.factory.support.DefaultListableBeanFactory - Finished creating instance of bean 'departamentoController'
DEBUG main org.springframework.beans.factory.support.DefaultListableBeanFactory - Creating shared instance of singleton bean 'departamentoBusinessImpl'
DEBUG main org.springframework.beans.factory.support.DefaultListableBeanFactory - Creating instance of bean 'departamentoBusinessImpl'
DEBUG main org.springframework.beans.factory.annotation.InjectionMetadata - Registered injected element on class [br.com.springmvc.business.DepartamentoBusinessImpl]: AutowiredFieldElement for private br.com.springmvc.dao.DepartamentoDao br.com.springmvc.business.DepartamentoBusinessImpl.departamentoDao
DEBUG main org.springframework.beans.factory.support.DefaultListableBeanFactory - Eagerly caching bean 'departamentoBusinessImpl' to allow for resolving potential circular references
DEBUG main org.springframework.beans.factory.annotation.InjectionMetadata - Processing injected element of bean 'departamentoBusinessImpl': AutowiredFieldElement for private br.com.springmvc.dao.DepartamentoDao br.com.springmvc.business.DepartamentoBusinessImpl.departamentoDao
DEBUG main org.springframework.beans.factory.support.DefaultListableBeanFactory - Returning cached instance of singleton bean 'departamentoDaoImpl'
DEBUG main org.springframework.beans.factory.annotation.AutowiredAnnotationBeanPostProcessor - Autowiring by type from bean name 'departamentoBusinessImpl' to bean named 'departamentoDaoImpl'
DEBUG main org.springframework.beans.factory.support.DefaultListableBeanFactory - Returning cached instance of singleton bean 'org.springframework.transaction.config.internalTransactionAdvisor'
DEBUG main org.springframework.beans.factory.support.DefaultListableBeanFactory - Finished creating instance of bean 'departamentoBusinessImpl'
DEBUG main org.springframework.beans.factory.support.DefaultListableBeanFactory - Creating shared instance of singleton bean 'configContextCore'
DEBUG main org.springframework.beans.factory.support.DefaultListableBeanFactory - Creating instance of bean 'configContextCore'
DEBUG main org.springframework.beans.factory.support.DefaultListableBeanFactory - Eagerly caching bean 'configContextCore' to allow for resolving potential circular references
DEBUG main org.springframework.beans.factory.support.DefaultListableBeanFactory - Returning cached instance of singleton bean 'org.springframework.transaction.config.internalTransactionAdvisor'
DEBUG main org.springframework.beans.factory.support.DefaultListableBeanFactory - Finished creating instance of bean 'configContextCore'
DEBUG main org.springframework.beans.factory.support.DefaultListableBeanFactory - Returning cached instance of singleton bean 'applicationConfig'
DEBUG main org.springframework.beans.factory.support.DefaultListableBeanFactory - Returning cached instance of singleton bean 'departamentoDaoImpl'
DEBUG main org.springframework.beans.factory.support.DefaultListableBeanFactory - Returning cached instance of singleton bean 'org.springframework.transaction.annotation.ProxyTransactionManagementConfiguration'
DEBUG main org.springframework.beans.factory.support.DefaultListableBeanFactory - Returning cached instance of singleton bean 'org.springframework.transaction.config.internalTransactionAdvisor'
DEBUG main org.springframework.beans.factory.support.DefaultListableBeanFactory - Returning cached instance of singleton bean 'transactionAttributeSource'
DEBUG main org.springframework.beans.factory.support.DefaultListableBeanFactory - Returning cached instance of singleton bean 'transactionInterceptor'
DEBUG main org.springframework.beans.factory.support.DefaultListableBeanFactory - Creating shared instance of singleton bean 'org.springframework.transaction.config.internalTransactionalEventListenerFactory'
DEBUG main org.springframework.beans.factory.support.DefaultListableBeanFactory - Creating instance of bean 'org.springframework.transaction.config.internalTransactionalEventListenerFactory'
DEBUG main org.springframework.beans.factory.support.DefaultListableBeanFactory - Returning cached instance of singleton bean 'org.springframework.transaction.annotation.ProxyTransactionManagementConfiguration'
DEBUG main org.springframework.beans.factory.support.DefaultListableBeanFactory - Eagerly caching bean 'org.springframework.transaction.config.internalTransactionalEventListenerFactory' to allow for resolving potential circular references
DEBUG main org.springframework.beans.factory.support.DefaultListableBeanFactory - Returning cached instance of singleton bean 'org.springframework.transaction.config.internalTransactionAdvisor'
DEBUG main org.springframework.beans.factory.support.DefaultListableBeanFactory - Finished creating instance of bean 'org.springframework.transaction.config.internalTransactionalEventListenerFactory'
DEBUG main org.springframework.beans.factory.support.DefaultListableBeanFactory - Returning cached instance of singleton bean 'departamentoBusiness'
DEBUG main org.springframework.beans.factory.support.DefaultListableBeanFactory - Returning cached instance of singleton bean 'org.springframework.aop.config.internalAutoProxyCreator'
DEBUG main org.springframework.beans.factory.support.DefaultListableBeanFactory - Returning cached instance of singleton bean 'sessionFactory'
DEBUG main org.springframework.beans.factory.support.DefaultListableBeanFactory - Returning cached instance of singleton bean 'dataSource'
DEBUG main org.springframework.beans.factory.support.DefaultListableBeanFactory - Creating shared instance of singleton bean 'transactionManager'
DEBUG main org.springframework.beans.factory.support.DefaultListableBeanFactory - Creating instance of bean 'transactionManager'
DEBUG main org.springframework.beans.factory.support.DefaultListableBeanFactory - Returning cached instance of singleton bean 'applicationConfig'
DEBUG main org.springframework.beans.factory.support.DefaultListableBeanFactory - Returning cached instance of singleton bean 'sessionFactory'
DEBUG main org.springframework.beans.factory.support.DefaultListableBeanFactory - Autowiring by type from bean name 'transactionManager' via factory method to bean named 'sessionFactory'
DEBUG main org.springframework.beans.factory.support.DefaultListableBeanFactory - Eagerly caching bean 'transactionManager' to allow for resolving potential circular references
DEBUG main org.springframework.beans.factory.support.DefaultListableBeanFactory - Invoking afterPropertiesSet() on bean with name 'transactionManager'
INFO main org.springframework.orm.hibernate5.HibernateTransactionManager - Using DataSource [org.springframework.jdbc.datasource.DriverManagerDataSource@421e361] of Hibernate SessionFactory for HibernateTransactionManager
DEBUG main org.springframework.beans.factory.support.DefaultListableBeanFactory - Returning cached instance of singleton bean 'org.springframework.transaction.config.internalTransactionAdvisor'
DEBUG main org.springframework.beans.factory.support.DefaultListableBeanFactory - Finished creating instance of bean 'transactionManager'
DEBUG main org.springframework.beans.factory.support.DefaultListableBeanFactory - Returning cached instance of singleton bean 'org.springframework.context.event.internalEventListenerFactory'
DEBUG main org.springframework.beans.factory.support.DefaultListableBeanFactory - Returning cached instance of singleton bean 'org.springframework.transaction.config.internalTransactionalEventListenerFactory'
DEBUG main org.springframework.context.annotation.AnnotationConfigApplicationContext - Unable to locate LifecycleProcessor with name 'lifecycleProcessor': using default [org.springframework.context.support.DefaultLifecycleProcessor@51d387d3]
DEBUG main org.springframework.beans.factory.support.DefaultListableBeanFactory - Returning cached instance of singleton bean 'lifecycleProcessor'
DEBUG main org.springframework.core.env.PropertySourcesPropertyResolver - Could not find key 'spring.liveBeansView.mbeanDomain' in any property source
DEBUG main org.springframework.beans.factory.support.DefaultListableBeanFactory - Returning cached instance of singleton bean 'departamentoBusinessImpl'
DEBUG main org.springframework.beans.factory.support.DefaultListableBeanFactory - Returning cached instance of singleton bean 'transactionManager'
DEBUG main org.springframework.orm.hibernate5.HibernateTransactionManager - Creating new transaction with name [br.com.springmvc.dao.DepartamentoDaoImpl.listarDepartamentos]: PROPAGATION_REQUIRED,ISOLATION_DEFAULT; ''
DEBUG main org.hibernate.stat.internal.StatisticsInitiator - Statistics initialized [enabled=false]
DEBUG main org.springframework.orm.hibernate5.HibernateTransactionManager - Opened new Session [SessionImpl(PersistenceContext[entityKeys=[],collectionKeys=[]];ActionQueue[insertions=ExecutableList{size=0} updates=ExecutableList{size=0} deletions=ExecutableList{size=0} orphanRemovals=ExecutableList{size=0} collectionCreations=ExecutableList{size=0} collectionRemovals=ExecutableList{size=0} collectionUpdates=ExecutableList{size=0} collectionQueuedOps=ExecutableList{size=0} unresolvedInsertDependencies=null])] for Hibernate transaction
DEBUG main org.springframework.orm.hibernate5.HibernateTransactionManager - Preparing JDBC Connection of Hibernate Session [SessionImpl(PersistenceContext[entityKeys=[],collectionKeys=[]];ActionQueue[insertions=ExecutableList{size=0} updates=ExecutableList{size=0} deletions=ExecutableList{size=0} orphanRemovals=ExecutableList{size=0} collectionCreations=ExecutableList{size=0} collectionRemovals=ExecutableList{size=0} collectionUpdates=ExecutableList{size=0} collectionQueuedOps=ExecutableList{size=0} unresolvedInsertDependencies=null])]
DEBUG main org.springframework.jdbc.datasource.DriverManagerDataSource - Creating new JDBC DriverManager Connection to [jdbc:oracle:thin:@localhost:1521:xe]
DEBUG main org.hibernate.engine.transaction.internal.TransactionImpl - begin
DEBUG main org.springframework.orm.hibernate5.HibernateTransactionManager - Exposing Hibernate transaction as JDBC transaction [oracle.jdbc.driver.T4CConnection@30c1da48]
DEBUG main org.hibernate.hql.internal.QueryTranslatorFactoryInitiator - QueryTranslatorFactory : org.hibernate.hql.internal.ast.ASTQueryTranslatorFactory@5e1dde44
INFO main org.hibernate.hql.internal.QueryTranslatorFactoryInitiator - HHH000397: Using ASTQueryTranslatorFactory
DEBUG main org.hibernate.hql.internal.ast.QueryTranslatorImpl - parse() - HQL: from br.com.springmvc.model.Departamento order by codDepartamento
DEBUG main org.hibernate.hql.internal.ast.QueryTranslatorImpl - --- HQL AST ---
 \-[QUERY] Node: 'query'
    +-[SELECT_FROM] Node: 'SELECT_FROM'
    |  \-[FROM] Node: 'from'
    |     \-[RANGE] Node: 'RANGE'
    |        \-[DOT] Node: '.'
    |           +-[DOT] Node: '.'
    |           |  +-[DOT] Node: '.'
    |           |  |  +-[DOT] Node: '.'
    |           |  |  |  +-[IDENT] Node: 'br'
    |           |  |  |  \-[IDENT] Node: 'com'
    |           |  |  \-[IDENT] Node: 'springmvc'
    |           |  \-[IDENT] Node: 'model'
    |           \-[IDENT] Node: 'Departamento'
    \-[ORDER] Node: 'order'
       \-[IDENT] Node: 'codDepartamento'

DEBUG main org.hibernate.hql.internal.ast.ErrorCounter - throwQueryException() : no errors
DEBUG main org.hibernate.hql.internal.antlr.HqlSqlBaseWalker - select << begin [level=1, statement=select]
DEBUG main org.hibernate.hql.internal.ast.tree.FromElement - FromClause{level=1} : br.com.springmvc.model.Departamento (<no alias>) -> departamen0_
DEBUG main org.hibernate.hql.internal.ast.tree.FromReferenceNode - Resolved : {synthetic-alias} -> {synthetic-alias}
DEBUG main org.hibernate.hql.internal.ast.tree.DotNode - getDataType() : codDepartamento -> org.hibernate.type.LongType@3f792b9b
DEBUG main org.hibernate.hql.internal.ast.tree.FromReferenceNode - Resolved : {synthetic-alias}.codDepartamento -> departamen0_.COD_DEPARTAMENTO
DEBUG main org.hibernate.hql.internal.antlr.HqlSqlBaseWalker - select : finishing up [level=1, statement=select]
DEBUG main org.hibernate.hql.internal.ast.HqlSqlWalker - processQuery() :  ( SELECT ( FromClause{level=1} DEPARTAMENTO departamen0_ ) ( order ( departamen0_.COD_DEPARTAMENTO {synthetic-alias} codDepartamento ) ) )
DEBUG main org.hibernate.hql.internal.ast.HqlSqlWalker - Derived SELECT clause created.
DEBUG main org.hibernate.hql.internal.ast.util.JoinProcessor - Using FROM fragment [DEPARTAMENTO departamen0_]
DEBUG main org.hibernate.hql.internal.antlr.HqlSqlBaseWalker - select >> end [level=1, statement=select]
DEBUG main org.hibernate.hql.internal.ast.QueryTranslatorImpl - --- SQL AST ---
 \-[SELECT] QueryNode: 'SELECT'  querySpaces (DEPARTAMENTO)
    +-[SELECT_CLAUSE] SelectClause: '{derived select clause}'
    |  +-[SELECT_EXPR] SelectExpressionImpl: 'departamen0_.COD_DEPARTAMENTO as COD_DEPARTAMENTO1_0_' {FromElement{explicit,not a collection join,not a fetch join,fetch non-lazy properties,classAlias=null,role=null,tableName=DEPARTAMENTO,tableAlias=departamen0_,origin=null,columns={,className=br.com.springmvc.model.Departamento}}}
    |  \-[SQL_TOKEN] SqlFragment: 'departamen0_.LOCALIZACAO_DEPARTAMENTO as LOCALIZACAO_DEPART2_0_, departamen0_.NOME_DEPARTAMENTO as NOME_DEPARTAMENTO3_0_'
    +-[FROM] FromClause: 'from' FromClause{level=1, fromElementCounter=1, fromElements=1, fromElementByClassAlias=[], fromElementByTableAlias=[departamen0_], fromElementsByPath=[], collectionJoinFromElementsByPath=[], impliedElements=[]}
    |  \-[FROM_FRAGMENT] FromElement: 'DEPARTAMENTO departamen0_' FromElement{explicit,not a collection join,not a fetch join,fetch non-lazy properties,classAlias=null,role=null,tableName=DEPARTAMENTO,tableAlias=departamen0_,origin=null,columns={,className=br.com.springmvc.model.Departamento}}
    \-[ORDER] OrderByClause: 'order'
       \-[DOT] DotNode: 'departamen0_.COD_DEPARTAMENTO' {propertyName=codDepartamento,dereferenceType=PRIMITIVE,getPropertyPath=codDepartamento,path={synthetic-alias}.codDepartamento,tableAlias=departamen0_,className=br.com.springmvc.model.Departamento,classAlias=null}
          +-[IDENT] IdentNode: '{synthetic-alias}' {originalText={synthetic-alias}}
          \-[IDENT] IdentNode: 'codDepartamento' {originalText=codDepartamento}

DEBUG main org.hibernate.hql.internal.ast.ErrorCounter - throwQueryException() : no errors
DEBUG main org.hibernate.hql.internal.ast.QueryTranslatorImpl - HQL: from br.com.springmvc.model.Departamento order by codDepartamento
DEBUG main org.hibernate.hql.internal.ast.QueryTranslatorImpl - SQL: select departamen0_.COD_DEPARTAMENTO as COD_DEPARTAMENTO1_0_, departamen0_.LOCALIZACAO_DEPARTAMENTO as LOCALIZACAO_DEPART2_0_, departamen0_.NOME_DEPARTAMENTO as NOME_DEPARTAMENTO3_0_ from DEPARTAMENTO departamen0_ order by departamen0_.COD_DEPARTAMENTO
DEBUG main org.hibernate.hql.internal.ast.ErrorCounter - throwQueryException() : no errors
DEBUG main org.hibernate.SQL - 
    select
        departamen0_.COD_DEPARTAMENTO as COD_DEPARTAMENTO1_0_,
        departamen0_.LOCALIZACAO_DEPARTAMENTO as LOCALIZACAO_DEPART2_0_,
        departamen0_.NOME_DEPARTAMENTO as NOME_DEPARTAMENTO3_0_ 
    from
        DEPARTAMENTO departamen0_ 
    order by
        departamen0_.COD_DEPARTAMENTO
DEBUG main org.hibernate.loader.Loader - Result set row: 0
DEBUG main org.hibernate.loader.Loader - Result row: EntityKey[br.com.springmvc.model.Departamento#1]
DEBUG main org.hibernate.loader.Loader - Result set row: 1
DEBUG main org.hibernate.loader.Loader - Result row: EntityKey[br.com.springmvc.model.Departamento#2]
DEBUG main org.hibernate.loader.Loader - Result set row: 2
DEBUG main org.hibernate.loader.Loader - Result row: EntityKey[br.com.springmvc.model.Departamento#3]
DEBUG main org.hibernate.loader.Loader - Result set row: 3
DEBUG main org.hibernate.loader.Loader - Result row: EntityKey[br.com.springmvc.model.Departamento#4]
DEBUG main org.hibernate.loader.Loader - Result set row: 4
DEBUG main org.hibernate.loader.Loader - Result row: EntityKey[br.com.springmvc.model.Departamento#5]
DEBUG main org.hibernate.loader.Loader - Result set row: 5
DEBUG main org.hibernate.loader.Loader - Result row: EntityKey[br.com.springmvc.model.Departamento#10]
DEBUG main org.hibernate.loader.Loader - Result set row: 6
DEBUG main org.hibernate.loader.Loader - Result row: EntityKey[br.com.springmvc.model.Departamento#68]
DEBUG main org.hibernate.loader.Loader - Result set row: 7
DEBUG main org.hibernate.loader.Loader - Result row: EntityKey[br.com.springmvc.model.Departamento#69]
DEBUG main org.hibernate.engine.internal.TwoPhaseLoad - Resolving associations for [br.com.springmvc.model.Departamento#1]
DEBUG main org.hibernate.engine.internal.TwoPhaseLoad - Done materializing entity [br.com.springmvc.model.Departamento#1]
DEBUG main org.hibernate.engine.internal.TwoPhaseLoad - Resolving associations for [br.com.springmvc.model.Departamento#2]
DEBUG main org.hibernate.engine.internal.TwoPhaseLoad - Done materializing entity [br.com.springmvc.model.Departamento#2]
DEBUG main org.hibernate.engine.internal.TwoPhaseLoad - Resolving associations for [br.com.springmvc.model.Departamento#3]
DEBUG main org.hibernate.engine.internal.TwoPhaseLoad - Done materializing entity [br.com.springmvc.model.Departamento#3]
DEBUG main org.hibernate.engine.internal.TwoPhaseLoad - Resolving associations for [br.com.springmvc.model.Departamento#4]
DEBUG main org.hibernate.engine.internal.TwoPhaseLoad - Done materializing entity [br.com.springmvc.model.Departamento#4]
DEBUG main org.hibernate.engine.internal.TwoPhaseLoad - Resolving associations for [br.com.springmvc.model.Departamento#5]
DEBUG main org.hibernate.engine.internal.TwoPhaseLoad - Done materializing entity [br.com.springmvc.model.Departamento#5]
DEBUG main org.hibernate.engine.internal.TwoPhaseLoad - Resolving associations for [br.com.springmvc.model.Departamento#10]
DEBUG main org.hibernate.engine.internal.TwoPhaseLoad - Done materializing entity [br.com.springmvc.model.Departamento#10]
DEBUG main org.hibernate.engine.internal.TwoPhaseLoad - Resolving associations for [br.com.springmvc.model.Departamento#68]
DEBUG main org.hibernate.engine.internal.TwoPhaseLoad - Done materializing entity [br.com.springmvc.model.Departamento#68]
DEBUG main org.hibernate.engine.internal.TwoPhaseLoad - Resolving associations for [br.com.springmvc.model.Departamento#69]
DEBUG main org.hibernate.engine.internal.TwoPhaseLoad - Done materializing entity [br.com.springmvc.model.Departamento#69]
DEBUG main org.springframework.orm.hibernate5.HibernateTransactionManager - Initiating transaction commit
DEBUG main org.springframework.orm.hibernate5.HibernateTransactionManager - Committing Hibernate transaction on Session [SessionImpl(PersistenceContext[entityKeys=[EntityKey[br.com.springmvc.model.Departamento#5], EntityKey[br.com.springmvc.model.Departamento#69], EntityKey[br.com.springmvc.model.Departamento#4], EntityKey[br.com.springmvc.model.Departamento#68], EntityKey[br.com.springmvc.model.Departamento#3], EntityKey[br.com.springmvc.model.Departamento#2], EntityKey[br.com.springmvc.model.Departamento#1], EntityKey[br.com.springmvc.model.Departamento#10]],collectionKeys=[]];ActionQueue[insertions=ExecutableList{size=0} updates=ExecutableList{size=0} deletions=ExecutableList{size=0} orphanRemovals=ExecutableList{size=0} collectionCreations=ExecutableList{size=0} collectionRemovals=ExecutableList{size=0} collectionUpdates=ExecutableList{size=0} collectionQueuedOps=ExecutableList{size=0} unresolvedInsertDependencies=null])]
DEBUG main org.hibernate.engine.transaction.internal.TransactionImpl - committing
DEBUG main org.hibernate.event.internal.AbstractFlushingEventListener - Processing flush-time cascades
DEBUG main org.hibernate.event.internal.AbstractFlushingEventListener - Dirty checking collections
DEBUG main org.hibernate.event.internal.AbstractFlushingEventListener - Flushed: 0 insertions, 0 updates, 0 deletions to 8 objects
DEBUG main org.hibernate.event.internal.AbstractFlushingEventListener - Flushed: 0 (re)creations, 0 updates, 0 removals to 0 collections
DEBUG main org.hibernate.internal.util.EntityPrinter - Listing entities:
DEBUG main org.hibernate.internal.util.EntityPrinter - br.com.springmvc.model.Departamento{nomeDepartamento=RECEPO, codDepartamento=5, localizacaoDepartamento=TRREO}
DEBUG main org.hibernate.internal.util.EntityPrinter - br.com.springmvc.model.Departamento{nomeDepartamento=TERAPIA2, codDepartamento=69, localizacaoDepartamento=14 ANDAR, SALA 35}
DEBUG main org.hibernate.internal.util.EntityPrinter - br.com.springmvc.model.Departamento{nomeDepartamento=SAQUE, codDepartamento=4, localizacaoDepartamento=4 ANDAR, SALA 12}
DEBUG main org.hibernate.internal.util.EntityPrinter - br.com.springmvc.model.Departamento{nomeDepartamento=SERVIOS GERAIS, codDepartamento=68, localizacaoDepartamento=1 ANDAR, SALA 03}
DEBUG main org.hibernate.internal.util.EntityPrinter - br.com.springmvc.model.Departamento{nomeDepartamento=RELAES HUMANAS, codDepartamento=3, localizacaoDepartamento=3 ANDAR, SALA 05}
DEBUG main org.hibernate.internal.util.EntityPrinter - br.com.springmvc.model.Departamento{nomeDepartamento=PESSOAL, codDepartamento=2, localizacaoDepartamento=2 ANDAR, SALA 03}
DEBUG main org.hibernate.internal.util.EntityPrinter - br.com.springmvc.model.Departamento{nomeDepartamento=FINANCEIRO, codDepartamento=1, localizacaoDepartamento=1 ANDAR, SALA 22}
DEBUG main org.hibernate.internal.util.EntityPrinter - br.com.springmvc.model.Departamento{nomeDepartamento=ALMOXARIFADOOOOOO, codDepartamento=10, localizacaoDepartamento=ESTOQUE}
DEBUG main org.springframework.orm.hibernate5.HibernateTransactionManager - Closing Hibernate Session [SessionImpl(PersistenceContext[entityKeys=[EntityKey[br.com.springmvc.model.Departamento#5], EntityKey[br.com.springmvc.model.Departamento#69], EntityKey[br.com.springmvc.model.Departamento#4], EntityKey[br.com.springmvc.model.Departamento#68], EntityKey[br.com.springmvc.model.Departamento#3], EntityKey[br.com.springmvc.model.Departamento#2], EntityKey[br.com.springmvc.model.Departamento#1], EntityKey[br.com.springmvc.model.Departamento#10]],collectionKeys=[]];ActionQueue[insertions=ExecutableList{size=0} updates=ExecutableList{size=0} deletions=ExecutableList{size=0} orphanRemovals=ExecutableList{size=0} collectionCreations=ExecutableList{size=0} collectionRemovals=ExecutableList{size=0} collectionUpdates=ExecutableList{size=0} collectionQueuedOps=ExecutableList{size=0} unresolvedInsertDependencies=null])] after transaction
INFO main org.springframework.context.annotation.AnnotationConfigApplicationContext - Closing org.springframework.context.annotation.AnnotationConfigApplicationContext@57baeedf: startup date [Tue Mar 06 22:13:48 GMT-03:00 2018]; root of context hierarchy
DEBUG main org.springframework.beans.factory.support.DefaultListableBeanFactory - Returning cached instance of singleton bean 'lifecycleProcessor'
DEBUG main org.springframework.beans.factory.support.DefaultListableBeanFactory - Destroying singletons in org.springframework.beans.factory.support.DefaultListableBeanFactory@5276e6b0: defining beans [org.springframework.context.annotation.internalConfigurationAnnotationProcessor,org.springframework.context.annotation.internalAutowiredAnnotationProcessor,org.springframework.context.annotation.internalRequiredAnnotationProcessor,org.springframework.context.annotation.internalCommonAnnotationProcessor,org.springframework.context.annotation.internalPersistenceAnnotationProcessor,org.springframework.context.event.internalEventListenerProcessor,org.springframework.context.event.internalEventListenerFactory,configContextWeb,departamentoController,departamentoBusinessImpl,configContextCore,applicationConfig,departamentoDaoImpl,org.springframework.transaction.annotation.ProxyTransactionManagementConfiguration,org.springframework.transaction.config.internalTransactionAdvisor,transactionAttributeSource,transactionInterceptor,org.springframework.transaction.config.internalTransactionalEventListenerFactory,departamentoBusiness,org.springframework.aop.config.internalAutoProxyCreator,sessionFactory,dataSource,transactionManager]; root of factory hierarchy
DEBUG main org.springframework.beans.factory.support.DefaultListableBeanFactory - Retrieved dependent beans for bean 'sessionFactory': [departamentoDaoImpl, transactionManager]
DEBUG main org.springframework.beans.factory.support.DefaultListableBeanFactory - Retrieved dependent beans for bean 'departamentoDaoImpl': [departamentoBusiness, departamentoBusinessImpl]
DEBUG main org.springframework.beans.factory.support.DefaultListableBeanFactory - Retrieved dependent beans for bean 'departamentoBusiness': [departamentoController]
DEBUG main org.springframework.beans.factory.support.DisposableBeanAdapter - Invoking destroy() on bean with name 'sessionFactory'
DEBUG main org.hibernate.internal.SessionFactoryImpl - HHH000031: Closing
DEBUG main org.hibernate.service.internal.AbstractServiceRegistryImpl - Implicitly destroying ServiceRegistry on de-registration of all child ServiceRegistries
DEBUG main org.hibernate.boot.registry.internal.BootstrapServiceRegistryImpl - Implicitly destroying Boot-strap registry on de-registration of all child ServiceRegistries
